Using pre-set license
Built from '2020.3/staging' branch; Version is '2020.3.8f1 (507919d4fff5) revision 5273881'; Using compiler version '192528614'; Build Type 'Release'
OS: 'Windows 10 Home Single Language; OS build 18363.1500; Version 1909; 64bit' Language: 'en' Physical Memory: 7979 MB
BatchMode: 1, IsHumanControllingUs: 0, StartBugReporterOnCrash: 0, Is64bit: 1, IsPro: 0

 COMMAND LINE ARGUMENTS:
C:\Program Files\Unity\Hub\Editor\2020.3.8f1\Editor\Unity.exe
-adb2
-batchMode
-noUpm
-name
AssetImportWorker0
-projectPath
C:/Users/karni/Desktop/unity/Playing With Sprites
-logFile
Logs/AssetImportWorker0.log
-srvPort
61485
Successfully changed project path to: C:/Users/karni/Desktop/unity/Playing With Sprites
C:/Users/karni/Desktop/unity/Playing With Sprites
Using Asset Import Pipeline V2.
Refreshing native plugins compatible for Editor in 72.41 ms, found 1 plugins.
Preloading 0 native plugins for Editor in 0.00 ms.
Initialize engine version: 2020.3.8f1 (507919d4fff5)
[Subsystems] Discovering subsystems at path C:/Program Files/Unity/Hub/Editor/2020.3.8f1/Editor/Data/Resources/UnitySubsystems
[Subsystems] Discovering subsystems at path C:/Users/karni/Desktop/unity/Playing With Sprites/Assets
GfxDevice: creating device client; threaded=0
Direct3D:
    Version:  Direct3D 11.0 [level 11.1]
    Renderer: Intel(R) UHD Graphics (ID=0x9b41)
    Vendor:   
    VRAM:     3989 MB
    Driver:   26.20.100.7926
Initialize mono
Mono path[0] = 'C:/Program Files/Unity/Hub/Editor/2020.3.8f1/Editor/Data/Managed'
Mono path[1] = 'C:/Program Files/Unity/Hub/Editor/2020.3.8f1/Editor/Data/MonoBleedingEdge/lib/mono/unityjit'
Mono config path = 'C:/Program Files/Unity/Hub/Editor/2020.3.8f1/Editor/Data/MonoBleedingEdge/etc'
Using monoOptions --debugger-agent=transport=dt_socket,embedding=1,server=y,suspend=n,address=127.0.0.1:56176
Begin MonoManager ReloadAssembly
Registering precompiled unity dll's ...
Register platform support module: C:/Program Files/Unity/Hub/Editor/2020.3.8f1/Editor/Data/PlaybackEngines/WebGLSupport/UnityEditor.WebGL.Extensions.dll
Register platform support module: C:/Program Files/Unity/Hub/Editor/2020.3.8f1/Editor/Data/PlaybackEngines/WindowsStandaloneSupport/UnityEditor.WindowsStandalone.Extensions.dll
Registered in 0.004383 seconds.
Native extension for WindowsStandalone target not found
Native extension for WebGL target not found
Refreshing native plugins compatible for Editor in 98.52 ms, found 1 plugins.
Preloading 0 native plugins for Editor in 0.00 ms.
Mono: successfully reloaded assembly
- Completed reload, in  2.675 seconds
Platform modules already initialized, skipping
Registering precompiled user dll's ...
Registered in 0.004008 seconds.
Begin MonoManager ReloadAssembly
Native extension for WindowsStandalone target not found
Native extension for WebGL target not found
Refreshing native plugins compatible for Editor in 96.50 ms, found 1 plugins.
Preloading 0 native plugins for Editor in 0.00 ms.
Mono: successfully reloaded assembly
- Completed reload, in  2.282 seconds
Platform modules already initialized, skipping
========================================================================
Worker process is ready to serve import requests
Launched and connected shader compiler UnityShaderCompiler.exe after 0.08 seconds
Refreshing native plugins compatible for Editor in 0.66 ms, found 1 plugins.
Preloading 0 native plugins for Editor in 0.00 ms.
Unloading 1810 Unused Serialized files (Serialized files now loaded: 0)
System memory in use before: 85.0 MB.
System memory in use after: 85.0 MB.

Unloading 24 unused Assets to reduce memory usage. Loaded Objects now: 2254.
Total: 5.378300 ms (FindLiveObjects: 0.522100 ms CreateObjectMapping: 0.228300 ms MarkObjects: 4.251100 ms  DeleteObjects: 0.373800 ms)

========================================================================
Received Import Request.
  path: Assets/New State.asset
  artifactKey: Guid(3beafa966f84e0140b00e9345b919b50) Importer(815301076,1909f56bfc062723c751e8b465ee728b)
Start importing Assets/New State.asset using Guid(3beafa966f84e0140b00e9345b919b50) Importer(815301076,1909f56bfc062723c751e8b465ee728b)  -> (artifact id: '5148fe80e18e3c169836601157f46b3c') in 0.085416 seconds
  Import took 0.092771 seconds .

========================================================================
Received Import Request.
  Time since last request: 27.531837 seconds.
  path: Assets/startingState.asset
  artifactKey: Guid(313e5d4b46e5b604eb6011d24b503ca4) Importer(815301076,1909f56bfc062723c751e8b465ee728b)
Start importing Assets/startingState.asset using Guid(313e5d4b46e5b604eb6011d24b503ca4) Importer(815301076,1909f56bfc062723c751e8b465ee728b)  -> (artifact id: '4a682c5c1767c963b07c206c93d12977') in 0.004263 seconds
  Import took 0.008759 seconds .

========================================================================
Received Import Request.
  Time since last request: 0.007498 seconds.
  path: Assets/startingState.asset
  artifactKey: Guid(313e5d4b46e5b604eb6011d24b503ca4) Importer(815301076,1909f56bfc062723c751e8b465ee728b)
Start importing Assets/startingState.asset using Guid(313e5d4b46e5b604eb6011d24b503ca4) Importer(815301076,1909f56bfc062723c751e8b465ee728b)  -> (artifact id: '4a682c5c1767c963b07c206c93d12977') in 0.003138 seconds
  Import took 0.007559 seconds .

========================================================================
Received Prepare
Registering precompiled user dll's ...
Registered in 0.001106 seconds.
Begin MonoManager ReloadAssembly
Native extension for WindowsStandalone target not found
Native extension for WebGL target not found
Refreshing native plugins compatible for Editor in 0.39 ms, found 1 plugins.
Preloading 0 native plugins for Editor in 0.00 ms.
Mono: successfully reloaded assembly
- Completed reload, in  1.187 seconds
Platform modules already initialized, skipping
Refreshing native plugins compatible for Editor in 0.37 ms, found 1 plugins.
Preloading 0 native plugins for Editor in 0.00 ms.
Unloading 1805 Unused Serialized files (Serialized files now loaded: 0)
System memory in use before: 85.0 MB.
System memory in use after: 85.0 MB.

Unloading 12 unused Assets to reduce memory usage. Loaded Objects now: 2258.
Total: 2.035800 ms (FindLiveObjects: 0.157900 ms CreateObjectMapping: 0.058000 ms MarkObjects: 1.659900 ms  DeleteObjects: 0.159000 ms)

========================================================================
Received Prepare
Registering precompiled user dll's ...
Registered in 0.000709 seconds.
Begin MonoManager ReloadAssembly
Native extension for WindowsStandalone target not found
Native extension for WebGL target not found
Refreshing native plugins compatible for Editor in 0.37 ms, found 1 plugins.
Preloading 0 native plugins for Editor in 0.00 ms.
Mono: successfully reloaded assembly
- Completed reload, in  0.873 seconds
Platform modules already initialized, skipping
Refreshing native plugins compatible for Editor in 0.32 ms, found 1 plugins.
Preloading 0 native plugins for Editor in 0.00 ms.
Unloading 1805 Unused Serialized files (Serialized files now loaded: 0)
System memory in use before: 85.0 MB.
System memory in use after: 85.0 MB.

Unloading 12 unused Assets to reduce memory usage. Loaded Objects now: 2262.
Total: 1.918300 ms (FindLiveObjects: 0.159300 ms CreateObjectMapping: 0.054400 ms MarkObjects: 1.544500 ms  DeleteObjects: 0.159500 ms)

========================================================================
Received Prepare
Registering precompiled user dll's ...
Registered in 0.001222 seconds.
Begin MonoManager ReloadAssembly
Native extension for WindowsStandalone target not found
Native extension for WebGL target not found
Refreshing native plugins compatible for Editor in 0.70 ms, found 1 plugins.
Preloading 0 native plugins for Editor in 0.00 ms.
Mono: successfully reloaded assembly
- Completed reload, in  2.280 seconds
Platform modules already initialized, skipping
Refreshing native plugins compatible for Editor in 0.39 ms, found 1 plugins.
Preloading 0 native plugins for Editor in 0.00 ms.
Unloading 1805 Unused Serialized files (Serialized files now loaded: 0)
System memory in use before: 85.0 MB.
System memory in use after: 85.0 MB.

Unloading 12 unused Assets to reduce memory usage. Loaded Objects now: 2266.
Total: 2.481800 ms (FindLiveObjects: 0.218200 ms CreateObjectMapping: 0.069900 ms MarkObjects: 2.060800 ms  DeleteObjects: 0.131700 ms)

========================================================================
Received Import Request.
  Time since last request: 1951.702888 seconds.
  path: Assets/State.cs
  artifactKey: Guid(fea2bf16c2193d14cb09f55ebcfcccce) Importer(815301076,1909f56bfc062723c751e8b465ee728b)
Start importing Assets/State.cs using Guid(fea2bf16c2193d14cb09f55ebcfcccce) Importer(815301076,1909f56bfc062723c751e8b465ee728b)  -> (artifact id: '46f259e3ce08f2d2b8a9f1d74761ea90') in 0.009044 seconds
  Import took 0.014346 seconds .

========================================================================
Received Import Request.
  Time since last request: 591.926568 seconds.
  path: Assets/Room1.asset
  artifactKey: Guid(7af14edb4319f3f459c0d6e84b695468) Importer(815301076,1909f56bfc062723c751e8b465ee728b)
Start importing Assets/Room1.asset using Guid(7af14edb4319f3f459c0d6e84b695468) Importer(815301076,1909f56bfc062723c751e8b465ee728b)  -> (artifact id: 'aee64f988335b47d22d775f5714f4565') in 0.016169 seconds
  Import took 0.024075 seconds .

========================================================================
Received Import Request.
  Time since last request: 0.000812 seconds.
  path: Assets/Room1.asset
  artifactKey: Guid(7af14edb4319f3f459c0d6e84b695468) Importer(815301076,1909f56bfc062723c751e8b465ee728b)
Start importing Assets/Room1.asset using Guid(7af14edb4319f3f459c0d6e84b695468) Importer(815301076,1909f56bfc062723c751e8b465ee728b)  -> (artifact id: 'aee64f988335b47d22d775f5714f4565') in 0.003146 seconds
  Import took 0.007843 seconds .

========================================================================
Received Import Request.
  Time since last request: 9.983325 seconds.
  path: Assets/Room2.asset
  artifactKey: Guid(32c06b58ccd5cf54b8ba282cd738b30e) Importer(815301076,1909f56bfc062723c751e8b465ee728b)
Start importing Assets/Room2.asset using Guid(32c06b58ccd5cf54b8ba282cd738b30e) Importer(815301076,1909f56bfc062723c751e8b465ee728b)  -> (artifact id: 'cabd2eb210521d87c8ba27370f45fdf9') in 0.003369 seconds
  Import took 0.008662 seconds .

========================================================================
Received Import Request.
  Time since last request: 0.007205 seconds.
  path: Assets/Room2.asset
  artifactKey: Guid(32c06b58ccd5cf54b8ba282cd738b30e) Importer(815301076,1909f56bfc062723c751e8b465ee728b)
Start importing Assets/Room2.asset using Guid(32c06b58ccd5cf54b8ba282cd738b30e) Importer(815301076,1909f56bfc062723c751e8b465ee728b)  -> (artifact id: 'cabd2eb210521d87c8ba27370f45fdf9') in 0.002901 seconds
  Import took 0.008167 seconds .

========================================================================
Received Prepare
Registering precompiled user dll's ...
Registered in 0.000769 seconds.
Begin MonoManager ReloadAssembly
Native extension for WindowsStandalone target not found
Native extension for WebGL target not found
Refreshing native plugins compatible for Editor in 0.38 ms, found 1 plugins.
Preloading 0 native plugins for Editor in 0.00 ms.
Mono: successfully reloaded assembly
- Completed reload, in  0.941 seconds
Platform modules already initialized, skipping
Refreshing native plugins compatible for Editor in 0.35 ms, found 1 plugins.
Preloading 0 native plugins for Editor in 0.00 ms.
Unloading 1805 Unused Serialized files (Serialized files now loaded: 0)
System memory in use before: 85.1 MB.
System memory in use after: 85.0 MB.

Unloading 12 unused Assets to reduce memory usage. Loaded Objects now: 2270.
Total: 1.979300 ms (FindLiveObjects: 0.158800 ms CreateObjectMapping: 0.050700 ms MarkObjects: 1.652900 ms  DeleteObjects: 0.115800 ms)

========================================================================
Received Prepare
Registering precompiled user dll's ...
Registered in 0.000746 seconds.
Begin MonoManager ReloadAssembly
Native extension for WindowsStandalone target not found
Native extension for WebGL target not found
Refreshing native plugins compatible for Editor in 0.32 ms, found 1 plugins.
Preloading 0 native plugins for Editor in 0.00 ms.
Mono: successfully reloaded assembly
- Completed reload, in  0.831 seconds
Platform modules already initialized, skipping
Refreshing native plugins compatible for Editor in 1.05 ms, found 1 plugins.
Preloading 0 native plugins for Editor in 0.00 ms.
Unloading 1805 Unused Serialized files (Serialized files now loaded: 0)
System memory in use before: 85.1 MB.
System memory in use after: 85.1 MB.

Unloading 12 unused Assets to reduce memory usage. Loaded Objects now: 2274.
Total: 2.290500 ms (FindLiveObjects: 0.224900 ms CreateObjectMapping: 0.063300 ms MarkObjects: 1.873600 ms  DeleteObjects: 0.127300 ms)

========================================================================
Received Prepare
Registering precompiled user dll's ...
Registered in 0.000931 seconds.
Begin MonoManager ReloadAssembly
Native extension for WindowsStandalone target not found
Native extension for WebGL target not found
Refreshing native plugins compatible for Editor in 0.78 ms, found 1 plugins.
Preloading 0 native plugins for Editor in 0.00 ms.
Mono: successfully reloaded assembly
- Completed reload, in  0.875 seconds
Platform modules already initialized, skipping
Refreshing native plugins compatible for Editor in 0.32 ms, found 1 plugins.
Preloading 0 native plugins for Editor in 0.00 ms.
Unloading 1805 Unused Serialized files (Serialized files now loaded: 0)
System memory in use before: 85.1 MB.
System memory in use after: 85.1 MB.

Unloading 12 unused Assets to reduce memory usage. Loaded Objects now: 2278.
Total: 1.929500 ms (FindLiveObjects: 0.183100 ms CreateObjectMapping: 0.051400 ms MarkObjects: 1.546900 ms  DeleteObjects: 0.146500 ms)

========================================================================
Received Import Request.
  Time since last request: 472.440646 seconds.
  path: Assets/State.cs
  artifactKey: Guid(fea2bf16c2193d14cb09f55ebcfcccce) Importer(815301076,1909f56bfc062723c751e8b465ee728b)
Start importing Assets/State.cs using Guid(fea2bf16c2193d14cb09f55ebcfcccce) Importer(815301076,1909f56bfc062723c751e8b465ee728b)  -> (artifact id: 'fc4654a0796ff2b256ea353074694b32') in 0.004511 seconds
  Import took 0.009024 seconds .

========================================================================
Received Import Request.
  Time since last request: 0.029249 seconds.
  path: Assets/State.cs
  artifactKey: Guid(fea2bf16c2193d14cb09f55ebcfcccce) Importer(815301076,1909f56bfc062723c751e8b465ee728b)
Start importing Assets/State.cs using Guid(fea2bf16c2193d14cb09f55ebcfcccce) Importer(815301076,1909f56bfc062723c751e8b465ee728b)  -> (artifact id: 'fc4654a0796ff2b256ea353074694b32') in 0.001740 seconds
  Import took 0.005978 seconds .

========================================================================
Received Prepare
Registering precompiled user dll's ...
Registered in 0.002236 seconds.
Begin MonoManager ReloadAssembly
Native extension for WindowsStandalone target not found
Native extension for WebGL target not found
Refreshing native plugins compatible for Editor in 1.02 ms, found 1 plugins.
Preloading 0 native plugins for Editor in 0.00 ms.
Mono: successfully reloaded assembly
- Completed reload, in  3.457 seconds
Platform modules already initialized, skipping
Refreshing native plugins compatible for Editor in 1.55 ms, found 1 plugins.
Preloading 0 native plugins for Editor in 0.00 ms.
Unloading 1805 Unused Serialized files (Serialized files now loaded: 0)
System memory in use before: 85.1 MB.
System memory in use after: 85.1 MB.

Unloading 12 unused Assets to reduce memory usage. Loaded Objects now: 2282.
Total: 5.642300 ms (FindLiveObjects: 0.736700 ms CreateObjectMapping: 0.227000 ms MarkObjects: 4.460900 ms  DeleteObjects: 0.214500 ms)

========================================================================
Received Prepare
Registering precompiled user dll's ...
Registered in 0.001432 seconds.
Begin MonoManager ReloadAssembly
Native extension for WindowsStandalone target not found
Native extension for WebGL target not found
Refreshing native plugins compatible for Editor in 0.87 ms, found 1 plugins.
Preloading 0 native plugins for Editor in 0.00 ms.
Mono: successfully reloaded assembly
- Completed reload, in  2.255 seconds
Platform modules already initialized, skipping
Refreshing native plugins compatible for Editor in 0.63 ms, found 1 plugins.
Preloading 0 native plugins for Editor in 0.00 ms.
Unloading 1805 Unused Serialized files (Serialized files now loaded: 0)
System memory in use before: 85.1 MB.
System memory in use after: 85.1 MB.

Unloading 12 unused Assets to reduce memory usage. Loaded Objects now: 2286.
Total: 5.628000 ms (FindLiveObjects: 0.399500 ms CreateObjectMapping: 0.182800 ms MarkObjects: 4.767400 ms  DeleteObjects: 0.273700 ms)

========================================================================
Received Prepare
Registering precompiled user dll's ...
Registered in 0.001342 seconds.
Begin MonoManager ReloadAssembly
Native extension for WindowsStandalone target not found
Native extension for WebGL target not found
Refreshing native plugins compatible for Editor in 0.56 ms, found 1 plugins.
Preloading 0 native plugins for Editor in 0.00 ms.
Mono: successfully reloaded assembly
- Completed reload, in  2.035 seconds
Platform modules already initialized, skipping
Refreshing native plugins compatible for Editor in 0.63 ms, found 1 plugins.
Preloading 0 native plugins for Editor in 0.00 ms.
Unloading 1805 Unused Serialized files (Serialized files now loaded: 0)
System memory in use before: 85.1 MB.
System memory in use after: 85.1 MB.

Unloading 12 unused Assets to reduce memory usage. Loaded Objects now: 2290.
Total: 3.689400 ms (FindLiveObjects: 0.377200 ms CreateObjectMapping: 0.138400 ms MarkObjects: 2.979200 ms  DeleteObjects: 0.192700 ms)

========================================================================
Received Prepare
Registering precompiled user dll's ...
Registered in 0.002374 seconds.
Begin MonoManager ReloadAssembly
Native extension for WindowsStandalone target not found
Native extension for WebGL target not found
Refreshing native plugins compatible for Editor in 0.38 ms, found 1 plugins.
Preloading 0 native plugins for Editor in 0.00 ms.
Mono: successfully reloaded assembly
- Completed reload, in  1.226 seconds
Platform modules already initialized, skipping
Refreshing native plugins compatible for Editor in 0.40 ms, found 1 plugins.
Preloading 0 native plugins for Editor in 0.00 ms.
Unloading 1805 Unused Serialized files (Serialized files now loaded: 0)
System memory in use before: 85.1 MB.
System memory in use after: 85.1 MB.

Unloading 12 unused Assets to reduce memory usage. Loaded Objects now: 2294.
Total: 3.410200 ms (FindLiveObjects: 0.279700 ms CreateObjectMapping: 0.103500 ms MarkObjects: 2.866800 ms  DeleteObjects: 0.158900 ms)

========================================================================
Received Prepare
Registering precompiled user dll's ...
Registered in 0.001764 seconds.
Begin MonoManager ReloadAssembly
Native extension for WindowsStandalone target not found
Native extension for WebGL target not found
Refreshing native plugins compatible for Editor in 1.42 ms, found 1 plugins.
Preloading 0 native plugins for Editor in 0.00 ms.
Mono: successfully reloaded assembly
- Completed reload, in  2.840 seconds
Platform modules already initialized, skipping
Refreshing native plugins compatible for Editor in 1.03 ms, found 1 plugins.
Preloading 0 native plugins for Editor in 0.00 ms.
Unloading 1805 Unused Serialized files (Serialized files now loaded: 0)
System memory in use before: 85.1 MB.
System memory in use after: 85.1 MB.

Unloading 12 unused Assets to reduce memory usage. Loaded Objects now: 2298.
Total: 2.995700 ms (FindLiveObjects: 0.332200 ms CreateObjectMapping: 0.154100 ms MarkObjects: 2.346700 ms  DeleteObjects: 0.161000 ms)

========================================================================
Received Prepare
Registering precompiled user dll's ...
Registered in 0.002034 seconds.
Begin MonoManager ReloadAssembly
Native extension for WindowsStandalone target not found
Native extension for WebGL target not found
Refreshing native plugins compatible for Editor in 1.53 ms, found 1 plugins.
Preloading 0 native plugins for Editor in 0.00 ms.
Mono: successfully reloaded assembly
- Completed reload, in  2.612 seconds
Platform modules already initialized, skipping
Refreshing native plugins compatible for Editor in 1.96 ms, found 1 plugins.
Preloading 0 native plugins for Editor in 0.00 ms.
Unloading 1805 Unused Serialized files (Serialized files now loaded: 0)
System memory in use before: 85.1 MB.
System memory in use after: 85.1 MB.

Unloading 12 unused Assets to reduce memory usage. Loaded Objects now: 2302.
Total: 6.611800 ms (FindLiveObjects: 0.926700 ms CreateObjectMapping: 0.397100 ms MarkObjects: 5.090600 ms  DeleteObjects: 0.195000 ms)

========================================================================
Received Import Request.
  Time since last request: 1728.288064 seconds.
  path: Assets/State.cs
  artifactKey: Guid(fea2bf16c2193d14cb09f55ebcfcccce) Importer(815301076,1909f56bfc062723c751e8b465ee728b)
Start importing Assets/State.cs using Guid(fea2bf16c2193d14cb09f55ebcfcccce) Importer(815301076,1909f56bfc062723c751e8b465ee728b)  -> (artifact id: '8ae5227195a3298e80049f8af2c19d6a') in 0.010360 seconds
  Import took 0.017615 seconds .

========================================================================
Received Prepare
Registering precompiled user dll's ...
Registered in 0.001516 seconds.
Begin MonoManager ReloadAssembly
Native extension for WindowsStandalone target not found
Native extension for WebGL target not found
Refreshing native plugins compatible for Editor in 0.38 ms, found 1 plugins.
Preloading 0 native plugins for Editor in 0.00 ms.
Mono: successfully reloaded assembly
- Completed reload, in  1.281 seconds
Platform modules already initialized, skipping
Refreshing native plugins compatible for Editor in 0.39 ms, found 1 plugins.
Preloading 0 native plugins for Editor in 0.00 ms.
Unloading 1805 Unused Serialized files (Serialized files now loaded: 0)
System memory in use before: 85.2 MB.
System memory in use after: 85.1 MB.

Unloading 12 unused Assets to reduce memory usage. Loaded Objects now: 2306.
Total: 2.510000 ms (FindLiveObjects: 0.228500 ms CreateObjectMapping: 0.078900 ms MarkObjects: 2.071600 ms  DeleteObjects: 0.129800 ms)

========================================================================
Received Prepare
Registering precompiled user dll's ...
Registered in 0.003280 seconds.
Begin MonoManager ReloadAssembly
Native extension for WindowsStandalone target not found
Native extension for WebGL target not found
Refreshing native plugins compatible for Editor in 0.65 ms, found 1 plugins.
Preloading 0 native plugins for Editor in 0.00 ms.
Mono: successfully reloaded assembly
- Completed reload, in  2.184 seconds
Platform modules already initialized, skipping
Refreshing native plugins compatible for Editor in 0.64 ms, found 1 plugins.
Preloading 0 native plugins for Editor in 0.00 ms.
Unloading 1805 Unused Serialized files (Serialized files now loaded: 0)
System memory in use before: 85.2 MB.
System memory in use after: 85.1 MB.

Unloading 12 unused Assets to reduce memory usage. Loaded Objects now: 2310.
Total: 3.017700 ms (FindLiveObjects: 0.261900 ms CreateObjectMapping: 0.086400 ms MarkObjects: 2.534700 ms  DeleteObjects: 0.133400 ms)

========================================================================
Received Prepare
Registering precompiled user dll's ...
Registered in 0.001201 seconds.
Begin MonoManager ReloadAssembly
Native extension for WindowsStandalone target not found
Native extension for WebGL target not found
Refreshing native plugins compatible for Editor in 0.79 ms, found 1 plugins.
Preloading 0 native plugins for Editor in 0.00 ms.
Mono: successfully reloaded assembly
- Completed reload, in  2.115 seconds
Platform modules already initialized, skipping
Refreshing native plugins compatible for Editor in 0.70 ms, found 1 plugins.
Preloading 0 native plugins for Editor in 0.00 ms.
Unloading 1805 Unused Serialized files (Serialized files now loaded: 0)
System memory in use before: 85.2 MB.
System memory in use after: 85.1 MB.

Unloading 12 unused Assets to reduce memory usage. Loaded Objects now: 2314.
Total: 4.334000 ms (FindLiveObjects: 0.368300 ms CreateObjectMapping: 0.140100 ms MarkObjects: 3.603800 ms  DeleteObjects: 0.219800 ms)

========================================================================
Received Prepare
Registering precompiled user dll's ...
Registered in 0.001787 seconds.
Begin MonoManager ReloadAssembly
Native extension for WindowsStandalone target not found
Native extension for WebGL target not found
Refreshing native plugins compatible for Editor in 0.39 ms, found 1 plugins.
Preloading 0 native plugins for Editor in 0.00 ms.
Mono: successfully reloaded assembly
- Completed reload, in  1.251 seconds
Platform modules already initialized, skipping
Refreshing native plugins compatible for Editor in 0.66 ms, found 1 plugins.
Preloading 0 native plugins for Editor in 0.00 ms.
Unloading 1805 Unused Serialized files (Serialized files now loaded: 0)
System memory in use before: 85.2 MB.
System memory in use after: 85.2 MB.

Unloading 12 unused Assets to reduce memory usage. Loaded Objects now: 2318.
Total: 2.750800 ms (FindLiveObjects: 0.223400 ms CreateObjectMapping: 0.073500 ms MarkObjects: 2.324600 ms  DeleteObjects: 0.128300 ms)

========================================================================
Received Prepare
Registering precompiled user dll's ...
Registered in 0.005703 seconds.
Begin MonoManager ReloadAssembly
Native extension for WindowsStandalone target not found
Native extension for WebGL target not found
Refreshing native plugins compatible for Editor in 0.98 ms, found 1 plugins.
Preloading 0 native plugins for Editor in 0.00 ms.
Mono: successfully reloaded assembly
- Completed reload, in  3.777 seconds
Platform modules already initialized, skipping
Refreshing native plugins compatible for Editor in 1.15 ms, found 1 plugins.
Preloading 0 native plugins for Editor in 0.00 ms.
Unloading 1805 Unused Serialized files (Serialized files now loaded: 0)
System memory in use before: 85.2 MB.
System memory in use after: 85.2 MB.

Unloading 12 unused Assets to reduce memory usage. Loaded Objects now: 2322.
Total: 23.608000 ms (FindLiveObjects: 0.801600 ms CreateObjectMapping: 0.258700 ms MarkObjects: 22.224900 ms  DeleteObjects: 0.318900 ms)

AssetImportWorkerClient::OnTransportError - code=2 error=End of file
