Using pre-set license
Built from '2020.3/staging' branch; Version is '2020.3.8f1 (507919d4fff5) revision 5273881'; Using compiler version '192528614'; Build Type 'Release'
OS: 'Windows 10 Home Single Language; OS build 18363.1500; Version 1909; 64bit' Language: 'en' Physical Memory: 7979 MB
BatchMode: 1, IsHumanControllingUs: 0, StartBugReporterOnCrash: 0, Is64bit: 1, IsPro: 0

 COMMAND LINE ARGUMENTS:
C:\Program Files\Unity\Hub\Editor\2020.3.8f1\Editor\Unity.exe
-adb2
-batchMode
-noUpm
-name
AssetImportWorker0
-projectPath
C:/Users/karni/Desktop/unity/Playing With Sprites
-logFile
Logs/AssetImportWorker0.log
-srvPort
50151
Successfully changed project path to: C:/Users/karni/Desktop/unity/Playing With Sprites
C:/Users/karni/Desktop/unity/Playing With Sprites
Using Asset Import Pipeline V2.
Refreshing native plugins compatible for Editor in 61.05 ms, found 1 plugins.
Preloading 0 native plugins for Editor in 0.00 ms.
Initialize engine version: 2020.3.8f1 (507919d4fff5)
[Subsystems] Discovering subsystems at path C:/Program Files/Unity/Hub/Editor/2020.3.8f1/Editor/Data/Resources/UnitySubsystems
[Subsystems] Discovering subsystems at path C:/Users/karni/Desktop/unity/Playing With Sprites/Assets
GfxDevice: creating device client; threaded=0
Direct3D:
    Version:  Direct3D 11.0 [level 11.1]
    Renderer: Intel(R) UHD Graphics (ID=0x9b41)
    Vendor:   
    VRAM:     3989 MB
    Driver:   26.20.100.7926
Initialize mono
Mono path[0] = 'C:/Program Files/Unity/Hub/Editor/2020.3.8f1/Editor/Data/Managed'
Mono path[1] = 'C:/Program Files/Unity/Hub/Editor/2020.3.8f1/Editor/Data/MonoBleedingEdge/lib/mono/unityjit'
Mono config path = 'C:/Program Files/Unity/Hub/Editor/2020.3.8f1/Editor/Data/MonoBleedingEdge/etc'
Using monoOptions --debugger-agent=transport=dt_socket,embedding=1,server=y,suspend=n,address=127.0.0.1:56388
Begin MonoManager ReloadAssembly
Registering precompiled unity dll's ...
Register platform support module: C:/Program Files/Unity/Hub/Editor/2020.3.8f1/Editor/Data/PlaybackEngines/WebGLSupport/UnityEditor.WebGL.Extensions.dll
Register platform support module: C:/Program Files/Unity/Hub/Editor/2020.3.8f1/Editor/Data/PlaybackEngines/WindowsStandaloneSupport/UnityEditor.WindowsStandalone.Extensions.dll
Registered in 0.004356 seconds.
Native extension for WindowsStandalone target not found
Native extension for WebGL target not found
Refreshing native plugins compatible for Editor in 109.43 ms, found 1 plugins.
Preloading 0 native plugins for Editor in 0.00 ms.
Mono: successfully reloaded assembly
- Completed reload, in  3.174 seconds
Platform modules already initialized, skipping
Registering precompiled user dll's ...
Registered in 0.001718 seconds.
Begin MonoManager ReloadAssembly
Native extension for WindowsStandalone target not found
Native extension for WebGL target not found
Refreshing native plugins compatible for Editor in 118.12 ms, found 1 plugins.
Preloading 0 native plugins for Editor in 0.00 ms.
Mono: successfully reloaded assembly
- Completed reload, in  2.637 seconds
Platform modules already initialized, skipping
========================================================================
Worker process is ready to serve import requests
Launched and connected shader compiler UnityShaderCompiler.exe after 0.08 seconds
Refreshing native plugins compatible for Editor in 0.46 ms, found 1 plugins.
Preloading 0 native plugins for Editor in 0.00 ms.
Unloading 1810 Unused Serialized files (Serialized files now loaded: 0)
System memory in use before: 85.0 MB.
System memory in use after: 85.0 MB.

Unloading 24 unused Assets to reduce memory usage. Loaded Objects now: 2254.
Total: 2.833600 ms (FindLiveObjects: 0.230300 ms CreateObjectMapping: 0.088700 ms MarkObjects: 2.366700 ms  DeleteObjects: 0.146600 ms)

========================================================================
Received Import Request.
  path: Assets/startingState.asset
  artifactKey: Guid(313e5d4b46e5b604eb6011d24b503ca4) Importer(815301076,1909f56bfc062723c751e8b465ee728b)
Start importing Assets/startingState.asset using Guid(313e5d4b46e5b604eb6011d24b503ca4) Importer(815301076,1909f56bfc062723c751e8b465ee728b)  -> (artifact id: '70d7cd03d8d0fbbe5c0e87b721cf6352') in 0.062587 seconds
  Import took 0.070369 seconds .

========================================================================
Received Import Request.
  Time since last request: 0.000553 seconds.
  path: Assets/Room2.asset
  artifactKey: Guid(32c06b58ccd5cf54b8ba282cd738b30e) Importer(815301076,1909f56bfc062723c751e8b465ee728b)
Start importing Assets/Room2.asset using Guid(32c06b58ccd5cf54b8ba282cd738b30e) Importer(815301076,1909f56bfc062723c751e8b465ee728b)  -> (artifact id: '11db24cf62047332a9ec92f5a7024b20') in 0.005085 seconds
  Import took 0.011601 seconds .

========================================================================
Received Import Request.
  Time since last request: 0.000479 seconds.
  path: Assets/Room1.asset
  artifactKey: Guid(7af14edb4319f3f459c0d6e84b695468) Importer(815301076,1909f56bfc062723c751e8b465ee728b)
Start importing Assets/Room1.asset using Guid(7af14edb4319f3f459c0d6e84b695468) Importer(815301076,1909f56bfc062723c751e8b465ee728b)  -> (artifact id: 'd4ff59aeadc8bed4c46fb032dc42b219') in 0.008045 seconds
  Import took 0.015049 seconds .

========================================================================
Received Import Request.
  Time since last request: 1305.366944 seconds.
  path: Assets/fints
  artifactKey: Guid(4509786c51ee29744ac9a44aef736277) Importer(815301076,1909f56bfc062723c751e8b465ee728b)
Start importing Assets/fints using Guid(4509786c51ee29744ac9a44aef736277) Importer(815301076,1909f56bfc062723c751e8b465ee728b)  -> (artifact id: '197f2d885ea6f7f3a2099af8a8a897c0') in 0.004186 seconds
  Import took 0.012442 seconds .

========================================================================
Received Import Request.
  Time since last request: 7.086995 seconds.
  path: Assets/fonts
  artifactKey: Guid(4509786c51ee29744ac9a44aef736277) Importer(815301076,1909f56bfc062723c751e8b465ee728b)
Start importing Assets/fonts using Guid(4509786c51ee29744ac9a44aef736277) Importer(815301076,1909f56bfc062723c751e8b465ee728b)  -> (artifact id: '1ea19168280a349b05db592e43ff3288') in 0.006957 seconds
  Import took 0.021044 seconds .

========================================================================
Received Import Request.
  Time since last request: 47.107237 seconds.
  path: Assets/fonts/Punk.ttf
  artifactKey: Guid(fc2016d72e6e2d942af289af3665fc50) Importer(815301076,1909f56bfc062723c751e8b465ee728b)
Start importing Assets/fonts/Punk.ttf using Guid(fc2016d72e6e2d942af289af3665fc50) Importer(815301076,1909f56bfc062723c751e8b465ee728b)  -> (artifact id: '1bf29a1050fc573848bebd9bb65f5686') in 0.254964 seconds
  Import took 0.263670 seconds .

========================================================================
Received Import Request.
  Time since last request: 45.423815 seconds.
  path: Assets/fonts/Punk SDF.asset
  artifactKey: Guid(fe9991b879ae9e146848b0c55d98ae02) Importer(815301076,1909f56bfc062723c751e8b465ee728b)
Start importing Assets/fonts/Punk SDF.asset using Guid(fe9991b879ae9e146848b0c55d98ae02) Importer(815301076,1909f56bfc062723c751e8b465ee728b) Shader 'TextMeshPro/Distance Field': fallback shader 'TextMeshPro/Mobile/Distance Field' not found
 -> (artifact id: '43a69e1ae5ad257fbf65b2d0d029add7') in 0.150615 seconds
  Import took 0.159762 seconds .

========================================================================
Received Import Request.
  Time since last request: 351.316643 seconds.
  path: Assets/TextMesh Pro/Sprites/EmojiOne.png
  artifactKey: Guid(dffef66376be4fa480fb02b19edbe903) Importer(815301076,1909f56bfc062723c751e8b465ee728b)
Start importing Assets/TextMesh Pro/Sprites/EmojiOne.png using Guid(dffef66376be4fa480fb02b19edbe903) Importer(815301076,1909f56bfc062723c751e8b465ee728b)  -> (artifact id: 'd78a27303d38c5bc73b55289faa0930d') in 0.158295 seconds
  Import took 0.172469 seconds .

========================================================================
Received Import Request.
  Time since last request: 0.001009 seconds.
  path: Assets/TextMesh Pro/Resources/Fonts & Materials/LiberationSans SDF - Fallback.asset
  artifactKey: Guid(2e498d1c8094910479dc3e1b768306a4) Importer(815301076,1909f56bfc062723c751e8b465ee728b)
Start importing Assets/TextMesh Pro/Resources/Fonts & Materials/LiberationSans SDF - Fallback.asset using Guid(2e498d1c8094910479dc3e1b768306a4) Importer(815301076,1909f56bfc062723c751e8b465ee728b)  -> (artifact id: 'b8c2210586957436df79bf961aeff06e') in 0.105719 seconds
  Import took 0.124478 seconds .

========================================================================
Received Import Request.
  Time since last request: 0.000629 seconds.
  path: Assets/TextMesh Pro/Resources/Fonts & Materials/LiberationSans SDF.asset
  artifactKey: Guid(8f586378b4e144a9851e7b34d9b748ee) Importer(815301076,1909f56bfc062723c751e8b465ee728b)
Start importing Assets/TextMesh Pro/Resources/Fonts & Materials/LiberationSans SDF.asset using Guid(8f586378b4e144a9851e7b34d9b748ee) Importer(815301076,1909f56bfc062723c751e8b465ee728b)  -> (artifact id: 'f1280cc7be10b532b2897fc8654f95d3') in 0.078687 seconds
  Import took 0.090731 seconds .

========================================================================
Received Import Request.
  Time since last request: 1640.370418 seconds.
  path: Assets/Adventure.cs
  artifactKey: Guid(f90660c86584eb14fa66b463fa2ce50f) Importer(815301076,1909f56bfc062723c751e8b465ee728b)
Start importing Assets/Adventure.cs using Guid(f90660c86584eb14fa66b463fa2ce50f) Importer(815301076,1909f56bfc062723c751e8b465ee728b)  -> (artifact id: '52b21f0007d0d1a5157b9e673366c6af') in 0.014030 seconds
  Import took 0.019967 seconds .

========================================================================
Received Import Request.
  Time since last request: 406.305580 seconds.
  path: Assets/Adventure.cs
  artifactKey: Guid(f90660c86584eb14fa66b463fa2ce50f) Importer(815301076,1909f56bfc062723c751e8b465ee728b)
Start importing Assets/Adventure.cs using Guid(f90660c86584eb14fa66b463fa2ce50f) Importer(815301076,1909f56bfc062723c751e8b465ee728b)  -> (artifact id: '23b3e2d88005cf94eaae90a5fbeb8fc7') in 0.006288 seconds
  Import took 0.018220 seconds .

========================================================================
Received Prepare
Registering precompiled user dll's ...
Registered in 0.003263 seconds.
Begin MonoManager ReloadAssembly
Native extension for WindowsStandalone target not found
Native extension for WebGL target not found
Refreshing native plugins compatible for Editor in 1.29 ms, found 1 plugins.
Preloading 0 native plugins for Editor in 0.00 ms.
Mono: successfully reloaded assembly
- Completed reload, in  3.249 seconds
Platform modules already initialized, skipping
Refreshing native plugins compatible for Editor in 0.69 ms, found 1 plugins.
Preloading 0 native plugins for Editor in 0.00 ms.
Unloading 1818 Unused Serialized files (Serialized files now loaded: 0)
System memory in use before: 90.4 MB.
System memory in use after: 89.8 MB.

Unloading 23 unused Assets to reduce memory usage. Loaded Objects now: 2305.
Total: 4.944300 ms (FindLiveObjects: 0.566100 ms CreateObjectMapping: 0.227700 ms MarkObjects: 3.636300 ms  DeleteObjects: 0.512100 ms)

========================================================================
Received Prepare
Registering precompiled user dll's ...
Registered in 0.004341 seconds.
Begin MonoManager ReloadAssembly
Native extension for WindowsStandalone target not found
Native extension for WebGL target not found
Refreshing native plugins compatible for Editor in 0.85 ms, found 1 plugins.
Preloading 0 native plugins for Editor in 0.00 ms.
Mono: successfully reloaded assembly
- Completed reload, in  3.592 seconds
Platform modules already initialized, skipping
Refreshing native plugins compatible for Editor in 0.77 ms, found 1 plugins.
Preloading 0 native plugins for Editor in 0.00 ms.
Unloading 1816 Unused Serialized files (Serialized files now loaded: 0)
System memory in use before: 90.2 MB.
System memory in use after: 89.7 MB.

Unloading 23 unused Assets to reduce memory usage. Loaded Objects now: 2309.
Total: 4.485700 ms (FindLiveObjects: 0.348500 ms CreateObjectMapping: 0.165100 ms MarkObjects: 3.232100 ms  DeleteObjects: 0.738000 ms)

AssetImportWorkerClient::OnTransportError - code=2 error=End of file
